DEBUG - 2026-01-20 09:22:33 --> Session: Class initialized using 'CodeIgniter\Session\Handlers\FileHandler' driver.
DEBUG - 2026-01-20 09:23:03 --> Session: Class initialized using 'CodeIgniter\Session\Handlers\FileHandler' driver.
DEBUG - 2026-01-20 09:23:09 --> Session: Class initialized using 'CodeIgniter\Session\Handlers\FileHandler' driver.
DEBUG - 2026-01-20 09:23:11 --> Session: Class initialized using 'CodeIgniter\Session\Handlers\FileHandler' driver.
DEBUG - 2026-01-20 09:23:13 --> Session: Class initialized using 'CodeIgniter\Session\Handlers\FileHandler' driver.
DEBUG - 2026-01-20 09:23:44 --> Session: Class initialized using 'CodeIgniter\Session\Handlers\FileHandler' driver.
DEBUG - 2026-01-20 09:23:44 --> Session: Class initialized using 'CodeIgniter\Session\Handlers\FileHandler' driver.
DEBUG - 2026-01-20 09:24:01 --> Session: Class initialized using 'CodeIgniter\Session\Handlers\FileHandler' driver.
DEBUG - 2026-01-20 09:24:01 --> Session: Class initialized using 'CodeIgniter\Session\Handlers\FileHandler' driver.
DEBUG - 2026-01-20 09:24:28 --> Session: Class initialized using 'CodeIgniter\Session\Handlers\FileHandler' driver.
DEBUG - 2026-01-20 09:26:46 --> Session: Class initialized using 'CodeIgniter\Session\Handlers\FileHandler' driver.
DEBUG - 2026-01-20 09:26:47 --> Session: Class initialized using 'CodeIgniter\Session\Handlers\FileHandler' driver.
DEBUG - 2026-01-20 09:26:47 --> Session: Class initialized using 'CodeIgniter\Session\Handlers\FileHandler' driver.
DEBUG - 2026-01-20 09:26:47 --> Session: Class initialized using 'CodeIgniter\Session\Handlers\FileHandler' driver.
DEBUG - 2026-01-20 09:26:47 --> Session: Class initialized using 'CodeIgniter\Session\Handlers\FileHandler' driver.
CRITICAL - 2026-01-20 09:27:01 --> CodeIgniter\Validation\Exceptions\ValidationException: "min_length(3)" is not a valid rule.
[Method: POST, Route: auth/store]
in SYSTEMPATH/Validation/Validation.php on line 345.
 1 SYSTEMPATH/Validation/Validation.php(345): CodeIgniter\Validation\Exceptions\ValidationException::forRuleNotFound()
 2 SYSTEMPATH/Validation/Validation.php(201): CodeIgniter\Validation\Validation->processRules()
 3 SYSTEMPATH/Controller.php(138): CodeIgniter\Validation\Validation->run()
 4 APPPATH/Controllers/AuthController.php(80): CodeIgniter\Controller->validate()
 5 SYSTEMPATH/CodeIgniter.php(933): App\Controllers\AuthController->guardarUsuario()
 6 SYSTEMPATH/CodeIgniter.php(507): CodeIgniter\CodeIgniter->runController()
 7 SYSTEMPATH/CodeIgniter.php(354): CodeIgniter\CodeIgniter->handleRequest()
 8 SYSTEMPATH/Boot.php(363): CodeIgniter\CodeIgniter->run()
 9 SYSTEMPATH/Boot.php(68): CodeIgniter\Boot::runCodeIgniter()
10 FCPATH/index.php(59): CodeIgniter\Boot::bootWeb()
DEBUG - 2026-01-20 09:28:30 --> Session: Class initialized using 'CodeIgniter\Session\Handlers\FileHandler' driver.
DEBUG - 2026-01-20 09:28:32 --> Session: Class initialized using 'CodeIgniter\Session\Handlers\FileHandler' driver.
DEBUG - 2026-01-20 09:28:34 --> Session: Class initialized using 'CodeIgniter\Session\Handlers\FileHandler' driver.
DEBUG - 2026-01-20 09:29:21 --> Session: Class initialized using 'CodeIgniter\Session\Handlers\FileHandler' driver.
DEBUG - 2026-01-20 09:31:46 --> Session: Class initialized using 'CodeIgniter\Session\Handlers\FileHandler' driver.
DEBUG - 2026-01-20 09:32:01 --> Session: Class initialized using 'CodeIgniter\Session\Handlers\FileHandler' driver.
DEBUG - 2026-01-20 09:32:01 --> Session: Class initialized using 'CodeIgniter\Session\Handlers\FileHandler' driver.
DEBUG - 2026-01-20 09:32:16 --> Session: Class initialized using 'CodeIgniter\Session\Handlers\FileHandler' driver.
DEBUG - 2026-01-20 09:32:16 --> Session: Class initialized using 'CodeIgniter\Session\Handlers\FileHandler' driver.
DEBUG - 2026-01-20 09:32:23 --> Session: Class initialized using 'CodeIgniter\Session\Handlers\FileHandler' driver.
DEBUG - 2026-01-20 09:32:23 --> Session: Class initialized using 'CodeIgniter\Session\Handlers\FileHandler' driver.
DEBUG - 2026-01-20 09:32:23 --> Session: Class initialized using 'CodeIgniter\Session\Handlers\FileHandler' driver.
DEBUG - 2026-01-20 09:32:48 --> Session: Class initialized using 'CodeIgniter\Session\Handlers\FileHandler' driver.
DEBUG - 2026-01-20 09:32:56 --> Session: Class initialized using 'CodeIgniter\Session\Handlers\FileHandler' driver.
DEBUG - 2026-01-20 09:33:09 --> Session: Class initialized using 'CodeIgniter\Session\Handlers\FileHandler' driver.
ERROR - 2026-01-20 09:33:09 --> mysqli_sql_exception: Column 'usuario_id' cannot be null in /var/www/html/GUIJARRO_DAVID_FINALCI/system/Database/MySQLi/Connection.php:327
Stack trace:
#0 /var/www/html/GUIJARRO_DAVID_FINALCI/system/Database/MySQLi/Connection.php(327): mysqli->query()
#1 /var/www/html/GUIJARRO_DAVID_FINALCI/system/Database/BaseConnection.php(729): CodeIgniter\Database\MySQLi\Connection->execute()
#2 /var/www/html/GUIJARRO_DAVID_FINALCI/system/Database/BaseConnection.php(646): CodeIgniter\Database\BaseConnection->simpleQuery()
#3 /var/www/html/GUIJARRO_DAVID_FINALCI/system/Database/BaseBuilder.php(2345): CodeIgniter\Database\BaseConnection->query()
#4 /var/www/html/GUIJARRO_DAVID_FINALCI/system/Model.php(394): CodeIgniter\Database\BaseBuilder->insert()
#5 /var/www/html/GUIJARRO_DAVID_FINALCI/system/BaseModel.php(838): CodeIgniter\Model->doInsert()
#6 /var/www/html/GUIJARRO_DAVID_FINALCI/system/Model.php(797): CodeIgniter\BaseModel->insert()
#7 /var/www/html/GUIJARRO_DAVID_FINALCI/system/BaseModel.php(751): CodeIgniter\Model->insert()
#8 /var/www/html/GUIJARRO_DAVID_FINALCI/app/Controllers/UserController.php(38): CodeIgniter\BaseModel->save()
#9 /var/www/html/GUIJARRO_DAVID_FINALCI/system/CodeIgniter.php(933): App\Controllers\UserController->solicitarAdopcion()
#10 /var/www/html/GUIJARRO_DAVID_FINALCI/system/CodeIgniter.php(507): CodeIgniter\CodeIgniter->runController()
#11 /var/www/html/GUIJARRO_DAVID_FINALCI/system/CodeIgniter.php(354): CodeIgniter\CodeIgniter->handleRequest()
#12 /var/www/html/GUIJARRO_DAVID_FINALCI/system/Boot.php(363): CodeIgniter\CodeIgniter->run()
#13 /var/www/html/GUIJARRO_DAVID_FINALCI/system/Boot.php(68): CodeIgniter\Boot::runCodeIgniter()
#14 /var/www/html/GUIJARRO_DAVID_FINALCI/public/index.php(59): CodeIgniter\Boot::bootWeb()
#15 {main}
CRITICAL - 2026-01-20 09:33:09 --> CodeIgniter\Database\Exceptions\DatabaseException: Column 'usuario_id' cannot be null
[Method: POST, Route: usuario/solicitar-adopcion]
in SYSTEMPATH/Database/BaseConnection.php on line 684.
 1 SYSTEMPATH/Database/BaseBuilder.php(2345): CodeIgniter\Database\BaseConnection->query()
 2 SYSTEMPATH/Model.php(394): CodeIgniter\Database\BaseBuilder->insert()
 3 SYSTEMPATH/BaseModel.php(838): CodeIgniter\Model->doInsert()
 4 SYSTEMPATH/Model.php(797): CodeIgniter\BaseModel->insert()
 5 SYSTEMPATH/BaseModel.php(751): CodeIgniter\Model->insert()
 6 APPPATH/Controllers/UserController.php(38): CodeIgniter\BaseModel->save()
 7 SYSTEMPATH/CodeIgniter.php(933): App\Controllers\UserController->solicitarAdopcion()
 8 SYSTEMPATH/CodeIgniter.php(507): CodeIgniter\CodeIgniter->runController()
 9 SYSTEMPATH/CodeIgniter.php(354): CodeIgniter\CodeIgniter->handleRequest()
10 SYSTEMPATH/Boot.php(363): CodeIgniter\CodeIgniter->run()
11 SYSTEMPATH/Boot.php(68): CodeIgniter\Boot::runCodeIgniter()
12 FCPATH/index.php(59): CodeIgniter\Boot::bootWeb()
CRITICAL - 2026-01-20 09:33:09 --> [Caused by] CodeIgniter\Database\Exceptions\DatabaseException: Column 'usuario_id' cannot be null
in SYSTEMPATH/Database/MySQLi/Connection.php on line 332.
 1 SYSTEMPATH/Database/BaseConnection.php(729): CodeIgniter\Database\MySQLi\Connection->execute()
 2 SYSTEMPATH/Database/BaseConnection.php(646): CodeIgniter\Database\BaseConnection->simpleQuery()
 3 SYSTEMPATH/Database/BaseBuilder.php(2345): CodeIgniter\Database\BaseConnection->query()
 4 SYSTEMPATH/Model.php(394): CodeIgniter\Database\BaseBuilder->insert()
 5 SYSTEMPATH/BaseModel.php(838): CodeIgniter\Model->doInsert()
 6 SYSTEMPATH/Model.php(797): CodeIgniter\BaseModel->insert()
 7 SYSTEMPATH/BaseModel.php(751): CodeIgniter\Model->insert()
 8 APPPATH/Controllers/UserController.php(38): CodeIgniter\BaseModel->save()
 9 SYSTEMPATH/CodeIgniter.php(933): App\Controllers\UserController->solicitarAdopcion()
10 SYSTEMPATH/CodeIgniter.php(507): CodeIgniter\CodeIgniter->runController()
11 SYSTEMPATH/CodeIgniter.php(354): CodeIgniter\CodeIgniter->handleRequest()
12 SYSTEMPATH/Boot.php(363): CodeIgniter\CodeIgniter->run()
13 SYSTEMPATH/Boot.php(68): CodeIgniter\Boot::runCodeIgniter()
14 FCPATH/index.php(59): CodeIgniter\Boot::bootWeb()
CRITICAL - 2026-01-20 09:33:09 --> [Caused by] mysqli_sql_exception: Column 'usuario_id' cannot be null
in SYSTEMPATH/Database/MySQLi/Connection.php on line 327.
 1 SYSTEMPATH/Database/MySQLi/Connection.php(327): mysqli->query()
 2 SYSTEMPATH/Database/BaseConnection.php(729): CodeIgniter\Database\MySQLi\Connection->execute()
 3 SYSTEMPATH/Database/BaseConnection.php(646): CodeIgniter\Database\BaseConnection->simpleQuery()
 4 SYSTEMPATH/Database/BaseBuilder.php(2345): CodeIgniter\Database\BaseConnection->query()
 5 SYSTEMPATH/Model.php(394): CodeIgniter\Database\BaseBuilder->insert()
 6 SYSTEMPATH/BaseModel.php(838): CodeIgniter\Model->doInsert()
 7 SYSTEMPATH/Model.php(797): CodeIgniter\BaseModel->insert()
 8 SYSTEMPATH/BaseModel.php(751): CodeIgniter\Model->insert()
 9 APPPATH/Controllers/UserController.php(38): CodeIgniter\BaseModel->save()
10 SYSTEMPATH/CodeIgniter.php(933): App\Controllers\UserController->solicitarAdopcion()
11 SYSTEMPATH/CodeIgniter.php(507): CodeIgniter\CodeIgniter->runController()
12 SYSTEMPATH/CodeIgniter.php(354): CodeIgniter\CodeIgniter->handleRequest()
13 SYSTEMPATH/Boot.php(363): CodeIgniter\CodeIgniter->run()
14 SYSTEMPATH/Boot.php(68): CodeIgniter\Boot::runCodeIgniter()
15 FCPATH/index.php(59): CodeIgniter\Boot::bootWeb()
DEBUG - 2026-01-20 10:43:46 --> Session: Class initialized using 'CodeIgniter\Session\Handlers\FileHandler' driver.
ERROR - 2026-01-20 10:43:46 --> mysqli_sql_exception: Unknown column 'created_at' in 'field list' in /var/www/html/GUIJARRO_DAVID_FINALCI/system/Database/MySQLi/Connection.php:327
Stack trace:
#0 /var/www/html/GUIJARRO_DAVID_FINALCI/system/Database/MySQLi/Connection.php(327): mysqli->query()
#1 /var/www/html/GUIJARRO_DAVID_FINALCI/system/Database/BaseConnection.php(729): CodeIgniter\Database\MySQLi\Connection->execute()
#2 /var/www/html/GUIJARRO_DAVID_FINALCI/system/Database/BaseConnection.php(646): CodeIgniter\Database\BaseConnection->simpleQuery()
#3 /var/www/html/GUIJARRO_DAVID_FINALCI/system/Database/BaseBuilder.php(2345): CodeIgniter\Database\BaseConnection->query()
#4 /var/www/html/GUIJARRO_DAVID_FINALCI/system/Model.php(394): CodeIgniter\Database\BaseBuilder->insert()
#5 /var/www/html/GUIJARRO_DAVID_FINALCI/system/BaseModel.php(838): CodeIgniter\Model->doInsert()
#6 /var/www/html/GUIJARRO_DAVID_FINALCI/system/Model.php(797): CodeIgniter\BaseModel->insert()
#7 /var/www/html/GUIJARRO_DAVID_FINALCI/system/BaseModel.php(751): CodeIgniter\Model->insert()
#8 /var/www/html/GUIJARRO_DAVID_FINALCI/app/Controllers/UserController.php(34): CodeIgniter\BaseModel->save()
#9 /var/www/html/GUIJARRO_DAVID_FINALCI/system/CodeIgniter.php(933): App\Controllers\UserController->solicitarAdopcion()
#10 /var/www/html/GUIJARRO_DAVID_FINALCI/system/CodeIgniter.php(507): CodeIgniter\CodeIgniter->runController()
#11 /var/www/html/GUIJARRO_DAVID_FINALCI/system/CodeIgniter.php(354): CodeIgniter\CodeIgniter->handleRequest()
#12 /var/www/html/GUIJARRO_DAVID_FINALCI/system/Boot.php(363): CodeIgniter\CodeIgniter->run()
#13 /var/www/html/GUIJARRO_DAVID_FINALCI/system/Boot.php(68): CodeIgniter\Boot::runCodeIgniter()
#14 /var/www/html/GUIJARRO_DAVID_FINALCI/public/index.php(59): CodeIgniter\Boot::bootWeb()
#15 {main}
CRITICAL - 2026-01-20 10:43:46 --> CodeIgniter\Database\Exceptions\DatabaseException: Unknown column 'created_at' in 'field list'
[Method: POST, Route: usuario/solicitar-adopcion]
in SYSTEMPATH/Database/BaseConnection.php on line 684.
 1 SYSTEMPATH/Database/BaseBuilder.php(2345): CodeIgniter\Database\BaseConnection->query()
 2 SYSTEMPATH/Model.php(394): CodeIgniter\Database\BaseBuilder->insert()
 3 SYSTEMPATH/BaseModel.php(838): CodeIgniter\Model->doInsert()
 4 SYSTEMPATH/Model.php(797): CodeIgniter\BaseModel->insert()
 5 SYSTEMPATH/BaseModel.php(751): CodeIgniter\Model->insert()
 6 APPPATH/Controllers/UserController.php(34): CodeIgniter\BaseModel->save()
 7 SYSTEMPATH/CodeIgniter.php(933): App\Controllers\UserController->solicitarAdopcion()
 8 SYSTEMPATH/CodeIgniter.php(507): CodeIgniter\CodeIgniter->runController()
 9 SYSTEMPATH/CodeIgniter.php(354): CodeIgniter\CodeIgniter->handleRequest()
10 SYSTEMPATH/Boot.php(363): CodeIgniter\CodeIgniter->run()
11 SYSTEMPATH/Boot.php(68): CodeIgniter\Boot::runCodeIgniter()
12 FCPATH/index.php(59): CodeIgniter\Boot::bootWeb()
CRITICAL - 2026-01-20 10:43:46 --> [Caused by] CodeIgniter\Database\Exceptions\DatabaseException: Unknown column 'created_at' in 'field list'
in SYSTEMPATH/Database/MySQLi/Connection.php on line 332.
 1 SYSTEMPATH/Database/BaseConnection.php(729): CodeIgniter\Database\MySQLi\Connection->execute()
 2 SYSTEMPATH/Database/BaseConnection.php(646): CodeIgniter\Database\BaseConnection->simpleQuery()
 3 SYSTEMPATH/Database/BaseBuilder.php(2345): CodeIgniter\Database\BaseConnection->query()
 4 SYSTEMPATH/Model.php(394): CodeIgniter\Database\BaseBuilder->insert()
 5 SYSTEMPATH/BaseModel.php(838): CodeIgniter\Model->doInsert()
 6 SYSTEMPATH/Model.php(797): CodeIgniter\BaseModel->insert()
 7 SYSTEMPATH/BaseModel.php(751): CodeIgniter\Model->insert()
 8 APPPATH/Controllers/UserController.php(34): CodeIgniter\BaseModel->save()
 9 SYSTEMPATH/CodeIgniter.php(933): App\Controllers\UserController->solicitarAdopcion()
10 SYSTEMPATH/CodeIgniter.php(507): CodeIgniter\CodeIgniter->runController()
11 SYSTEMPATH/CodeIgniter.php(354): CodeIgniter\CodeIgniter->handleRequest()
12 SYSTEMPATH/Boot.php(363): CodeIgniter\CodeIgniter->run()
13 SYSTEMPATH/Boot.php(68): CodeIgniter\Boot::runCodeIgniter()
14 FCPATH/index.php(59): CodeIgniter\Boot::bootWeb()
CRITICAL - 2026-01-20 10:43:46 --> [Caused by] mysqli_sql_exception: Unknown column 'created_at' in 'field list'
in SYSTEMPATH/Database/MySQLi/Connection.php on line 327.
 1 SYSTEMPATH/Database/MySQLi/Connection.php(327): mysqli->query()
 2 SYSTEMPATH/Database/BaseConnection.php(729): CodeIgniter\Database\MySQLi\Connection->execute()
 3 SYSTEMPATH/Database/BaseConnection.php(646): CodeIgniter\Database\BaseConnection->simpleQuery()
 4 SYSTEMPATH/Database/BaseBuilder.php(2345): CodeIgniter\Database\BaseConnection->query()
 5 SYSTEMPATH/Model.php(394): CodeIgniter\Database\BaseBuilder->insert()
 6 SYSTEMPATH/BaseModel.php(838): CodeIgniter\Model->doInsert()
 7 SYSTEMPATH/Model.php(797): CodeIgniter\BaseModel->insert()
 8 SYSTEMPATH/BaseModel.php(751): CodeIgniter\Model->insert()
 9 APPPATH/Controllers/UserController.php(34): CodeIgniter\BaseModel->save()
10 SYSTEMPATH/CodeIgniter.php(933): App\Controllers\UserController->solicitarAdopcion()
11 SYSTEMPATH/CodeIgniter.php(507): CodeIgniter\CodeIgniter->runController()
12 SYSTEMPATH/CodeIgniter.php(354): CodeIgniter\CodeIgniter->handleRequest()
13 SYSTEMPATH/Boot.php(363): CodeIgniter\CodeIgniter->run()
14 SYSTEMPATH/Boot.php(68): CodeIgniter\Boot::runCodeIgniter()
15 FCPATH/index.php(59): CodeIgniter\Boot::bootWeb()
DEBUG - 2026-01-20 10:44:25 --> Session: Class initialized using 'CodeIgniter\Session\Handlers\FileHandler' driver.
DEBUG - 2026-01-20 10:44:25 --> Session: Class initialized using 'CodeIgniter\Session\Handlers\FileHandler' driver.
DEBUG - 2026-01-20 10:44:33 --> Session: Class initialized using 'CodeIgniter\Session\Handlers\FileHandler' driver.
DEBUG - 2026-01-20 10:44:33 --> Session: Class initialized using 'CodeIgniter\Session\Handlers\FileHandler' driver.
DEBUG - 2026-01-20 10:51:13 --> Session: Class initialized using 'CodeIgniter\Session\Handlers\FileHandler' driver.
DEBUG - 2026-01-20 10:52:07 --> Session: Class initialized using 'CodeIgniter\Session\Handlers\FileHandler' driver.
DEBUG - 2026-01-20 10:52:08 --> Session: Class initialized using 'CodeIgniter\Session\Handlers\FileHandler' driver.
DEBUG - 2026-01-20 10:52:08 --> Session: Class initialized using 'CodeIgniter\Session\Handlers\FileHandler' driver.
DEBUG - 2026-01-20 10:52:08 --> Session: Class initialized using 'CodeIgniter\Session\Handlers\FileHandler' driver.
DEBUG - 2026-01-20 10:52:09 --> Session: Class initialized using 'CodeIgniter\Session\Handlers\FileHandler' driver.
DEBUG - 2026-01-20 10:52:09 --> Session: Class initialized using 'CodeIgniter\Session\Handlers\FileHandler' driver.
DEBUG - 2026-01-20 10:52:10 --> Session: Class initialized using 'CodeIgniter\Session\Handlers\FileHandler' driver.
DEBUG - 2026-01-20 10:52:25 --> Session: Class initialized using 'CodeIgniter\Session\Handlers\FileHandler' driver.
DEBUG - 2026-01-20 10:52:25 --> Session: Class initialized using 'CodeIgniter\Session\Handlers\FileHandler' driver.
DEBUG - 2026-01-20 10:52:25 --> Session: Class initialized using 'CodeIgniter\Session\Handlers\FileHandler' driver.
DEBUG - 2026-01-20 10:52:36 --> Session: Class initialized using 'CodeIgniter\Session\Handlers\FileHandler' driver.
DEBUG - 2026-01-20 10:52:36 --> Session: Class initialized using 'CodeIgniter\Session\Handlers\FileHandler' driver.
DEBUG - 2026-01-20 10:52:51 --> Session: Class initialized using 'CodeIgniter\Session\Handlers\FileHandler' driver.
DEBUG - 2026-01-20 10:52:51 --> Session: Class initialized using 'CodeIgniter\Session\Handlers\FileHandler' driver.
DEBUG - 2026-01-20 10:52:59 --> Session: Class initialized using 'CodeIgniter\Session\Handlers\FileHandler' driver.
DEBUG - 2026-01-20 10:53:00 --> Session: Class initialized using 'CodeIgniter\Session\Handlers\FileHandler' driver.
DEBUG - 2026-01-20 10:57:28 --> Session: Class initialized using 'CodeIgniter\Session\Handlers\FileHandler' driver.
DEBUG - 2026-01-20 10:57:35 --> Session: Class initialized using 'CodeIgniter\Session\Handlers\FileHandler' driver.
DEBUG - 2026-01-20 10:57:35 --> Session: Class initialized using 'CodeIgniter\Session\Handlers\FileHandler' driver.
DEBUG - 2026-01-20 11:01:40 --> Session: Class initialized using 'CodeIgniter\Session\Handlers\FileHandler' driver.
CRITICAL - 2026-01-20 11:01:40 --> CodeIgniter\View\Exceptions\ViewException: Invalid file: "admin/mascotas.php"
[Method: GET, Route: admin/mascotas]
in SYSTEMPATH/Exceptions/FrameworkException.php on line 39.
 1 SYSTEMPATH/View/View.php(214): CodeIgniter\Exceptions\FrameworkException::forInvalidFile()
 2 SYSTEMPATH/Common.php(1167): CodeIgniter\View\View->render()
 3 APPPATH/Controllers/AdminController.php(47): view()
 4 SYSTEMPATH/CodeIgniter.php(933): App\Controllers\AdminController->listarMascotas()
 5 SYSTEMPATH/CodeIgniter.php(507): CodeIgniter\CodeIgniter->runController()
 6 SYSTEMPATH/CodeIgniter.php(354): CodeIgniter\CodeIgniter->handleRequest()
 7 SYSTEMPATH/Boot.php(363): CodeIgniter\CodeIgniter->run()
 8 SYSTEMPATH/Boot.php(68): CodeIgniter\Boot::runCodeIgniter()
 9 FCPATH/index.php(59): CodeIgniter\Boot::bootWeb()
DEBUG - 2026-01-20 11:01:45 --> Session: Class initialized using 'CodeIgniter\Session\Handlers\FileHandler' driver.
DEBUG - 2026-01-20 11:24:58 --> Session: Class initialized using 'CodeIgniter\Session\Handlers\FileHandler' driver.
DEBUG - 2026-01-20 11:25:24 --> Session: Class initialized using 'CodeIgniter\Session\Handlers\FileHandler' driver.
DEBUG - 2026-01-20 11:25:25 --> Session: Class initialized using 'CodeIgniter\Session\Handlers\FileHandler' driver.
DEBUG - 2026-01-20 11:30:08 --> Session: Class initialized using 'CodeIgniter\Session\Handlers\FileHandler' driver.
DEBUG - 2026-01-20 11:30:09 --> Session: Class initialized using 'CodeIgniter\Session\Handlers\FileHandler' driver.
DEBUG - 2026-01-20 11:30:28 --> Session: Class initialized using 'CodeIgniter\Session\Handlers\FileHandler' driver.
DEBUG - 2026-01-20 11:30:28 --> Session: Class initialized using 'CodeIgniter\Session\Handlers\FileHandler' driver.
DEBUG - 2026-01-20 11:30:45 --> Session: Class initialized using 'CodeIgniter\Session\Handlers\FileHandler' driver.
CRITICAL - 2026-01-20 11:30:45 --> CodeIgniter\View\Exceptions\ViewException: Invalid file: "admin/mascotas.php"
[Method: GET, Route: admin/mascotas]
in SYSTEMPATH/Exceptions/FrameworkException.php on line 39.
 1 SYSTEMPATH/View/View.php(214): CodeIgniter\Exceptions\FrameworkException::forInvalidFile()
 2 SYSTEMPATH/Common.php(1167): CodeIgniter\View\View->render()
 3 APPPATH/Controllers/AdminController.php(47): view()
 4 SYSTEMPATH/CodeIgniter.php(933): App\Controllers\AdminController->listarMascotas()
 5 SYSTEMPATH/CodeIgniter.php(507): CodeIgniter\CodeIgniter->runController()
 6 SYSTEMPATH/CodeIgniter.php(354): CodeIgniter\CodeIgniter->handleRequest()
 7 SYSTEMPATH/Boot.php(363): CodeIgniter\CodeIgniter->run()
 8 SYSTEMPATH/Boot.php(68): CodeIgniter\Boot::runCodeIgniter()
 9 FCPATH/index.php(59): CodeIgniter\Boot::bootWeb()
DEBUG - 2026-01-20 11:30:48 --> Session: Class initialized using 'CodeIgniter\Session\Handlers\FileHandler' driver.
DEBUG - 2026-01-20 11:30:56 --> Session: Class initialized using 'CodeIgniter\Session\Handlers\FileHandler' driver.
CRITICAL - 2026-01-20 11:30:56 --> CodeIgniter\View\Exceptions\ViewException: Invalid file: "admin/mascotas.php"
[Method: GET, Route: admin/mascotas]
in SYSTEMPATH/Exceptions/FrameworkException.php on line 39.
 1 SYSTEMPATH/View/View.php(214): CodeIgniter\Exceptions\FrameworkException::forInvalidFile()
 2 SYSTEMPATH/Common.php(1167): CodeIgniter\View\View->render()
 3 APPPATH/Controllers/AdminController.php(47): view()
 4 SYSTEMPATH/CodeIgniter.php(933): App\Controllers\AdminController->listarMascotas()
 5 SYSTEMPATH/CodeIgniter.php(507): CodeIgniter\CodeIgniter->runController()
 6 SYSTEMPATH/CodeIgniter.php(354): CodeIgniter\CodeIgniter->handleRequest()
 7 SYSTEMPATH/Boot.php(363): CodeIgniter\CodeIgniter->run()
 8 SYSTEMPATH/Boot.php(68): CodeIgniter\Boot::runCodeIgniter()
 9 FCPATH/index.php(59): CodeIgniter\Boot::bootWeb()
DEBUG - 2026-01-20 11:30:59 --> Session: Class initialized using 'CodeIgniter\Session\Handlers\FileHandler' driver.
DEBUG - 2026-01-20 11:36:29 --> Session: Class initialized using 'CodeIgniter\Session\Handlers\FileHandler' driver.
DEBUG - 2026-01-20 11:36:31 --> Session: Class initialized using 'CodeIgniter\Session\Handlers\FileHandler' driver.
DEBUG - 2026-01-20 11:37:45 --> Session: Class initialized using 'CodeIgniter\Session\Handlers\FileHandler' driver.
DEBUG - 2026-01-20 11:37:50 --> Session: Class initialized using 'CodeIgniter\Session\Handlers\FileHandler' driver.
DEBUG - 2026-01-20 11:38:10 --> Session: Class initialized using 'CodeIgniter\Session\Handlers\FileHandler' driver.
DEBUG - 2026-01-20 11:38:20 --> Session: Class initialized using 'CodeIgniter\Session\Handlers\FileHandler' driver.
DEBUG - 2026-01-20 11:38:20 --> Session: Class initialized using 'CodeIgniter\Session\Handlers\FileHandler' driver.
DEBUG - 2026-01-20 11:49:01 --> Session: Class initialized using 'CodeIgniter\Session\Handlers\FileHandler' driver.
DEBUG - 2026-01-20 11:49:05 --> Session: Class initialized using 'CodeIgniter\Session\Handlers\FileHandler' driver.
DEBUG - 2026-01-20 11:49:21 --> Session: Class initialized using 'CodeIgniter\Session\Handlers\FileHandler' driver.
DEBUG - 2026-01-20 11:49:22 --> Session: Class initialized using 'CodeIgniter\Session\Handlers\FileHandler' driver.
DEBUG - 2026-01-20 11:49:22 --> Session: Class initialized using 'CodeIgniter\Session\Handlers\FileHandler' driver.
DEBUG - 2026-01-20 11:49:22 --> Session: Class initialized using 'CodeIgniter\Session\Handlers\FileHandler' driver.
DEBUG - 2026-01-20 11:49:22 --> Session: Class initialized using 'CodeIgniter\Session\Handlers\FileHandler' driver.
DEBUG - 2026-01-20 11:51:41 --> Session: Class initialized using 'CodeIgniter\Session\Handlers\FileHandler' driver.
